<?xml version="1.0" encoding="UTF-8"?>
<robot generator="Robot 7.2 (Python 3.13.3 on win32)" generated="2025-05-01T13:00:17.298782" rpa="false" schemaversion="5">
<suite id="s1" name="Argumentos" source="c:\automation\robot_avancado\tests\argumentos.robot">
<test id="s1-t1" name="Criando lista e dicionário via parâmetro" line="10">
<kw name="Teste Criando uma Lista">
<kw name="Log" owner="BuiltIn">
<msg time="2025-05-01T13:00:17.343714" level="INFO">['may', 'ribeiro', 'fernandes']</msg>
<arg>${minha_lista}</arg>
<doc>Logs the given message with the given level.</doc>
<status status="PASS" start="2025-05-01T13:00:17.343393" elapsed="0.003084"/>
</kw>
<kw name="Log Many" owner="BuiltIn">
<msg time="2025-05-01T13:00:17.347330" level="INFO">may</msg>
<msg time="2025-05-01T13:00:17.347591" level="INFO">ribeiro</msg>
<msg time="2025-05-01T13:00:17.347808" level="INFO">fernandes</msg>
<arg>@{minha_lista}</arg>
<doc>Logs the given messages as separate entries using the INFO level.</doc>
<status status="PASS" start="2025-05-01T13:00:17.346856" elapsed="0.001138"/>
</kw>
<kw name="Log" owner="BuiltIn">
<msg time="2025-05-01T13:00:17.348740" level="INFO">may</msg>
<arg>${minha_lista}[0]</arg>
<doc>Logs the given message with the given level.</doc>
<status status="PASS" start="2025-05-01T13:00:17.348334" elapsed="0.000581"/>
</kw>
<arg>may</arg>
<arg>ribeiro</arg>
<arg>fernandes</arg>
<status status="PASS" start="2025-05-01T13:00:17.342642" elapsed="0.006434"/>
</kw>
<doc>No Python é conhecido como "kwargs"</doc>
<status status="PASS" start="2025-05-01T13:00:17.341687" elapsed="0.008042"/>
</test>
<status status="PASS" start="2025-05-01T13:00:17.305748" elapsed="0.046348"/>
</suite>
<statistics>
<total>
<stat pass="1" fail="0" skip="0">All Tests</stat>
</total>
<tag>
</tag>
<suite>
<stat name="Argumentos" id="s1" pass="1" fail="0" skip="0">Argumentos</stat>
</suite>
</statistics>
<errors>
</errors>
</robot>
