<?xml version="1.0" encoding="UTF-8"?>
<robot generator="Robot 7.2 (Python 3.13.3 on win32)" generated="2025-05-09T10:47:21.179182" rpa="false" schemaversion="5">
<suite id="s1" name="Process" source="c:\automation\robot_avancado\tests\process.robot">
<test id="s1-t1" name="Exemplo 03: Execute comandos de prompt" line="13">
<kw name="Executando comandos diversos de prompt">
<kw name="Run Process" owner="Process">
<msg time="2025-05-09T10:47:21.281134" level="INFO">Starting process:
cd..</msg>
<msg time="2025-05-09T10:47:21.303132" level="INFO">Waiting for process to complete.</msg>
<msg time="2025-05-09T10:47:21.413649" level="INFO">Process completed.</msg>
<msg time="2025-05-09T10:47:21.415972" level="INFO">${teste} = &lt;result object with rc 0&gt;</msg>
<var>${teste}</var>
<arg>cd..</arg>
<arg>cwd=c:\\automation\\robot_avancado\\tests</arg>
<arg>shell=True</arg>
<doc>Runs a process and waits for it to complete.</doc>
<status status="PASS" start="2025-05-09T10:47:21.280106" elapsed="0.136636"/>
</kw>
<kw name="Run Process" owner="Process">
<msg time="2025-05-09T10:47:21.418604" level="INFO">Starting process:
"mkdir robot_teste"</msg>
<msg time="2025-05-09T10:47:21.431509" level="FAIL">FileNotFoundError: [WinError 2] O sistema não pode encontrar o arquivo especificado</msg>
<var>${current_dir}</var>
<arg>mkdir robot_teste</arg>
<doc>Runs a process and waits for it to complete.</doc>
<status status="FAIL" start="2025-05-09T10:47:21.417887" elapsed="0.030359">FileNotFoundError: [WinError 2] O sistema não pode encontrar o arquivo especificado</status>
</kw>
<kw name="Log" owner="BuiltIn">
<arg>Caminho atual: ${current_dir}</arg>
<doc>Logs the given message with the given level.</doc>
<status status="NOT RUN" start="2025-05-09T10:47:21.449075" elapsed="0.000424"/>
</kw>
<status status="FAIL" start="2025-05-09T10:47:21.277736" elapsed="0.172420">FileNotFoundError: [WinError 2] O sistema não pode encontrar o arquivo especificado</status>
</kw>
<status status="FAIL" start="2025-05-09T10:47:21.275303" elapsed="0.176159">FileNotFoundError: [WinError 2] O sistema não pode encontrar o arquivo especificado</status>
</test>
<doc>http://robotframework.org/robotframework/latest/libraries/Process.html</doc>
<status status="FAIL" start="2025-05-09T10:47:21.195187" elapsed="0.259662"/>
</suite>
<statistics>
<total>
<stat pass="0" fail="1" skip="0">All Tests</stat>
</total>
<tag>
</tag>
<suite>
<stat name="Process" id="s1" pass="0" fail="1" skip="0">Process</stat>
</suite>
</statistics>
<errors>
</errors>
</robot>
