<?xml version="1.0" encoding="UTF-8"?>
<robot generator="Robot 7.2 (Python 3.13.3 on win32)" generated="2025-04-28T16:01:14.766837" rpa="false" schemaversion="5">
<suite id="s1" name="Teardowns" source="c:\automation\robot_avancado\tests\teardowns.robot">
<test id="s1-t1" name="Exemplo 04: Teste lidando com Suite e Test Teardowns" line="35">
<kw name="Esse keyword vai falhar sozinha!" owner="teardowns">
<kw name="Should Be True" owner="BuiltIn">
<msg time="2025-04-28T16:01:14.820592" level="FAIL">'"May" == "João"' should be true.</msg>
<arg>"May" == "João"</arg>
<doc>Fails if the given condition is not true.</doc>
<status status="FAIL" start="2025-04-28T16:01:14.820137" elapsed="0.005080">'"May" == "João"' should be true.</status>
</kw>
<status status="FAIL" start="2025-04-28T16:01:14.819150" elapsed="0.006418">'"May" == "João"' should be true.</status>
</kw>
<kw name="Controlando o teardown do teste" owner="teardowns" type="TEARDOWN">
<kw name="Run Keyword If Test Passed" owner="BuiltIn">
<arg>Log</arg>
<arg>Meu teste passou, não preciso apagar dados do banco de dados, por exemplo!</arg>
<doc>Runs the given keyword with the given arguments, if the test passed.</doc>
<status status="PASS" start="2025-04-28T16:01:14.827063" elapsed="0.000398"/>
</kw>
<kw name="Run Keyword If Test Failed" owner="BuiltIn">
<kw name="Log" owner="BuiltIn">
<msg time="2025-04-28T16:01:14.831329" level="INFO">Meu teste falhou, posso imprimir ou manter uma informação no banco de dados para analisar o erro, por exemplo!</msg>
<arg>Meu teste falhou, posso imprimir ou manter uma informação no banco de dados para analisar o erro, por exemplo!</arg>
<doc>Logs the given message with the given level.</doc>
<status status="PASS" start="2025-04-28T16:01:14.828501" elapsed="0.003322"/>
</kw>
<arg>Log</arg>
<arg>Meu teste falhou, posso imprimir ou manter uma informação no banco de dados para analisar o erro, por exemplo!</arg>
<doc>Runs the given keyword with the given arguments, if the test failed.</doc>
<status status="PASS" start="2025-04-28T16:01:14.827884" elapsed="0.004213"/>
</kw>
<status status="PASS" start="2025-04-28T16:01:14.826447" elapsed="0.005952"/>
</kw>
<status status="FAIL" start="2025-04-28T16:01:14.818245" elapsed="0.014634">'"May" == "João"' should be true.</status>
</test>
<kw name="Controlando o teardown da suite" owner="teardowns" type="TEARDOWN">
<kw name="Run Keyword If All Tests Passed" owner="BuiltIn">
<arg>Log</arg>
<arg>Todos os testes passaram, posso enviar um e-mail, por exemplo!</arg>
<doc>Runs the given keyword with the given arguments, if all tests passed.</doc>
<status status="PASS" start="2025-04-28T16:01:14.835457" elapsed="0.000419"/>
</kw>
<kw name="Run Keyword If Any Tests Failed" owner="BuiltIn">
<kw name="Log" owner="BuiltIn">
<msg time="2025-04-28T16:01:14.837144" level="INFO">Alguns testes falharam, posso enviar um e-mail, por exemplo!</msg>
<arg>Alguns testes falharam, posso enviar um e-mail, por exemplo!</arg>
<doc>Logs the given message with the given level.</doc>
<status status="PASS" start="2025-04-28T16:01:14.836774" elapsed="0.000647"/>
</kw>
<arg>Log</arg>
<arg>Alguns testes falharam, posso enviar um e-mail, por exemplo!</arg>
<doc>Runs the given keyword with the given arguments, if one or more tests failed.</doc>
<status status="PASS" start="2025-04-28T16:01:14.836244" elapsed="0.001416"/>
</kw>
<status status="PASS" start="2025-04-28T16:01:14.834931" elapsed="0.002969"/>
</kw>
<status status="FAIL" start="2025-04-28T16:01:14.778712" elapsed="0.059343"/>
</suite>
<statistics>
<total>
<stat pass="0" fail="1" skip="0">All Tests</stat>
</total>
<tag>
</tag>
<suite>
<stat name="Teardowns" id="s1" pass="0" fail="1" skip="0">Teardowns</stat>
</suite>
</statistics>
<errors>
</errors>
</robot>
