<?xml version="1.0" encoding="UTF-8"?>
<robot generator="Robot 7.2 (Python 3.13.3 on win32)" generated="2025-05-13T10:44:14.255916" rpa="false" schemaversion="5">
<suite id="s1" name="myLibrary" source="C:\automation\robot_avancado\tests\myLibrary.robot">
<test id="s1-t1" name="Teste de conversão de string para HASH sha256" line="7">
<kw name="Converter &quot;Estou ficando ninja em Robot Framework!!&quot; para sha256" source_name="Converter &quot;${CONTEUDO}&quot; para sha256">
<kw name="Gerar Hash" owner="geradorHash">
<msg time="2025-05-13T10:44:14.354232" level="INFO">Conteúdo: Estou ficando ninja em Robot Framework!!
Hash gerado: 6526496e1589bb11988c5fd1051d8927a1160b1c3da51ca93ff6e2eab6ecfa38</msg>
<msg time="2025-05-13T10:44:14.354424" level="INFO">${CONTEUDO_HASH} = 6526496e1589bb11988c5fd1051d8927a1160b1c3da51ca93ff6e2eab6ecfa38</msg>
<var>${CONTEUDO_HASH}</var>
<arg>${CONTEUDO}</arg>
<status status="PASS" start="2025-05-13T10:44:14.353676" elapsed="0.000784"/>
</kw>
<kw name="Log" owner="BuiltIn">
<msg time="2025-05-13T10:44:14.354811" level="INFO">Converteu com o conteúdo: 6526496e1589bb11988c5fd1051d8927a1160b1c3da51ca93ff6e2eab6ecfa38</msg>
<arg>Converteu com o conteúdo: ${CONTEUDO_HASH}</arg>
<doc>Logs the given message with the given level.</doc>
<status status="PASS" start="2025-05-13T10:44:14.354638" elapsed="0.000229"/>
</kw>
<status status="PASS" start="2025-05-13T10:44:14.352998" elapsed="0.001955"/>
</kw>
<status status="PASS" start="2025-05-13T10:44:14.351958" elapsed="0.003231"/>
</test>
<test id="s1-t2" name="Teste de conversão de arquivo para HASH sha256" line="10">
<kw name="Monta path do arquivo" owner="library_database">
<kw name="Join Path" owner="OperatingSystem">
<msg time="2025-05-13T10:44:14.357021" level="INFO">${caminho_correto} = C:\automation\robot_avancado\my_files\arquivo_PDF.pdf</msg>
<var>${caminho_correto}</var>
<arg>C:\\automation\\robot_avancado\\keywords\\database_Library</arg>
<arg>../..</arg>
<arg>my_files</arg>
<arg>${ARQUIVO}</arg>
<doc>Joins the given path part(s) to the given base path.</doc>
<status status="PASS" start="2025-05-13T10:44:14.356820" elapsed="0.000232"/>
</kw>
<kw name="Normalize Path" owner="OperatingSystem">
<msg time="2025-05-13T10:44:14.357446" level="INFO">${caminho_correto} = C:\automation\robot_avancado\my_files\arquivo_PDF.pdf</msg>
<var>${caminho_correto}</var>
<arg>${caminho_correto}</arg>
<doc>Normalizes the given path.</doc>
<status status="PASS" start="2025-05-13T10:44:14.357162" elapsed="0.000333"/>
</kw>
<kw name="Log" owner="BuiltIn">
<msg time="2025-05-13T10:44:14.357853" level="INFO">Caminho final: C:\automation\robot_avancado\my_files\arquivo_PDF.pdf</msg>
<arg>Caminho final: ${caminho_correto}</arg>
<doc>Logs the given message with the given level.</doc>
<status status="PASS" start="2025-05-13T10:44:14.357671" elapsed="0.000226"/>
</kw>
<kw name="File Should Exist" owner="OperatingSystem">
<msg time="2025-05-13T10:44:14.358383" level="INFO" html="true">File '&lt;a href="file://C:\automation\robot_avancado\my_files\arquivo_PDF.pdf"&gt;C:\automation\robot_avancado\my_files\arquivo_PDF.pdf&lt;/a&gt;' exists.</msg>
<arg>${caminho_correto}</arg>
<doc>Fails unless the given ``path`` points to an existing file.</doc>
<status status="PASS" start="2025-05-13T10:44:14.357991" elapsed="0.000491"/>
</kw>
<return>
<value>${caminho_correto}</value>
<status status="PASS" start="2025-05-13T10:44:14.358575" elapsed="0.000070"/>
</return>
<msg time="2025-05-13T10:44:14.358816" level="INFO">${file} = C:\automation\robot_avancado\my_files\arquivo_PDF.pdf</msg>
<var>${file}</var>
<arg>arquivo_PDF.pdf</arg>
<status status="PASS" start="2025-05-13T10:44:14.356388" elapsed="0.002466"/>
</kw>
<kw name="Converter o arquivo &quot;${file}&quot; para sha256" source_name="Converter o arquivo &quot;${FILE}&quot; para sha256">
<kw name="Gerar Hash Arquivo" owner="geradorHash">
<msg time="2025-05-13T10:44:14.359618" level="INFO">Arquivo: ./C:\automation\robot_avancado\my_files\arquivo_PDF.pdf</msg>
<msg time="2025-05-13T10:44:14.359743" level="FAIL">OSError: [Errno 22] Invalid argument: './C:\\automation\\robot_avancado\\my_files\\arquivo_PDF.pdf'</msg>
<var>${CONTEUDO_HASH}</var>
<arg>./${FILE}</arg>
<status status="FAIL" start="2025-05-13T10:44:14.359407" elapsed="0.001859">OSError: [Errno 22] Invalid argument: './C:\\automation\\robot_avancado\\my_files\\arquivo_PDF.pdf'</status>
</kw>
<kw name="Log" owner="BuiltIn">
<arg>Converteu com arquivo: ${CONTEUDO_HASH}</arg>
<doc>Logs the given message with the given level.</doc>
<status status="NOT RUN" start="2025-05-13T10:44:14.361438" elapsed="0.000027"/>
</kw>
<status status="FAIL" start="2025-05-13T10:44:14.359139" elapsed="0.002439">OSError: [Errno 22] Invalid argument: './C:\\automation\\robot_avancado\\my_files\\arquivo_PDF.pdf'</status>
</kw>
<status status="FAIL" start="2025-05-13T10:44:14.355788" elapsed="0.006091">OSError: [Errno 22] Invalid argument: './C:\\automation\\robot_avancado\\my_files\\arquivo_PDF.pdf'</status>
</test>
<status status="FAIL" start="2025-05-13T10:44:14.258843" elapsed="0.104222"/>
</suite>
<statistics>
<total>
<stat pass="1" fail="1" skip="0">All Tests</stat>
</total>
<tag>
</tag>
<suite>
<stat name="myLibrary" id="s1" pass="1" fail="1" skip="0">myLibrary</stat>
</suite>
</statistics>
<errors>
</errors>
</robot>
