<?xml version="1.0" encoding="UTF-8"?>
<robot generator="Robot 7.2 (Python 3.13.3 on win32)" generated="2025-04-28T16:01:16.254891" rpa="false" schemaversion="5">
<suite id="s1" name="Robot Avancado" source="C:\automation\robot_avancado">
<suite id="s1-s1" name="Tests" source="C:\automation\robot_avancado\tests">
<suite id="s1-s1-s1" name="Teardowns" source="C:\automation\robot_avancado\tests\teardowns.robot">
<test id="s1-s1-s1-t1" name="Exemplo 04: Teste lidando com Suite e Test Teardowns" line="35">
<kw name="Esse keyword vai falhar sozinha!" owner="teardowns">
<kw name="Should Be True" owner="BuiltIn">
<msg time="2025-04-28T16:01:16.297027" level="FAIL">'"May" == "João"' should be true.</msg>
<arg>"May" == "João"</arg>
<doc>Fails if the given condition is not true.</doc>
<status status="FAIL" start="2025-04-28T16:01:16.296464" elapsed="0.001037">'"May" == "João"' should be true.</status>
</kw>
<status status="FAIL" start="2025-04-28T16:01:16.295678" elapsed="0.002065">'"May" == "João"' should be true.</status>
</kw>
<kw name="Controlando o teardown do teste" owner="teardowns" type="TEARDOWN">
<kw name="Run Keyword If Test Passed" owner="BuiltIn">
<arg>Log</arg>
<arg>Meu teste passou, não preciso apagar dados do banco de dados, por exemplo!</arg>
<doc>Runs the given keyword with the given arguments, if the test passed.</doc>
<status status="PASS" start="2025-04-28T16:01:16.299432" elapsed="0.000572"/>
</kw>
<kw name="Run Keyword If Test Failed" owner="BuiltIn">
<kw name="Log" owner="BuiltIn">
<msg time="2025-04-28T16:01:16.301274" level="INFO">Meu teste falhou, posso imprimir ou manter uma informação no banco de dados para analisar o erro, por exemplo!</msg>
<arg>Meu teste falhou, posso imprimir ou manter uma informação no banco de dados para analisar o erro, por exemplo!</arg>
<doc>Logs the given message with the given level.</doc>
<status status="PASS" start="2025-04-28T16:01:16.300870" elapsed="0.000652"/>
</kw>
<arg>Log</arg>
<arg>Meu teste falhou, posso imprimir ou manter uma informação no banco de dados para analisar o erro, por exemplo!</arg>
<doc>Runs the given keyword with the given arguments, if the test failed.</doc>
<status status="PASS" start="2025-04-28T16:01:16.300346" elapsed="0.001314"/>
</kw>
<status status="PASS" start="2025-04-28T16:01:16.298362" elapsed="0.003432"/>
</kw>
<status status="FAIL" start="2025-04-28T16:01:16.294390" elapsed="0.007811">'"May" == "João"' should be true.</status>
</test>
<kw name="Controlando o teardown da suite" owner="teardowns" type="TEARDOWN">
<kw name="Run Keyword If All Tests Passed" owner="BuiltIn">
<arg>Log</arg>
<arg>Todos os testes passaram, posso enviar um e-mail, por exemplo!</arg>
<doc>Runs the given keyword with the given arguments, if all tests passed.</doc>
<status status="PASS" start="2025-04-28T16:01:16.304595" elapsed="0.000520"/>
</kw>
<kw name="Run Keyword If Any Tests Failed" owner="BuiltIn">
<kw name="Log" owner="BuiltIn">
<msg time="2025-04-28T16:01:16.306873" level="INFO">Alguns testes falharam, posso enviar um e-mail, por exemplo!</msg>
<arg>Alguns testes falharam, posso enviar um e-mail, por exemplo!</arg>
<doc>Logs the given message with the given level.</doc>
<status status="PASS" start="2025-04-28T16:01:16.306299" elapsed="0.000892"/>
</kw>
<arg>Log</arg>
<arg>Alguns testes falharam, posso enviar um e-mail, por exemplo!</arg>
<doc>Runs the given keyword with the given arguments, if one or more tests failed.</doc>
<status status="PASS" start="2025-04-28T16:01:16.305378" elapsed="0.001960"/>
</kw>
<status status="PASS" start="2025-04-28T16:01:16.303909" elapsed="0.003577"/>
</kw>
<status status="FAIL" start="2025-04-28T16:01:16.289709" elapsed="0.017867"/>
</suite>
<status status="FAIL" start="2025-04-28T16:01:16.286569" elapsed="0.022718"/>
</suite>
<status status="FAIL" start="2025-04-28T16:01:16.260252" elapsed="0.050523"/>
</suite>
<statistics>
<total>
<stat pass="0" fail="1" skip="0">All Tests</stat>
</total>
<tag>
</tag>
<suite>
<stat name="Robot Avancado" id="s1" pass="0" fail="1" skip="0">Robot Avancado</stat>
<stat name="Tests" id="s1-s1" pass="0" fail="1" skip="0">Robot Avancado.Tests</stat>
<stat name="Teardowns" id="s1-s1-s1" pass="0" fail="1" skip="0">Robot Avancado.Tests.Teardowns</stat>
</suite>
</statistics>
<errors>
</errors>
</robot>
