<?xml version="1.0" encoding="UTF-8"?>
<robot generator="Robot 7.2 (Python 3.13.3 on win32)" generated="2025-05-01T13:00:18.861422" rpa="false" schemaversion="5">
<suite id="s1" name="Robot Avancado" source="C:\automation\robot_avancado">
<suite id="s1-s1" name="Tests" source="C:\automation\robot_avancado\tests">
<suite id="s1-s1-s1" name="Argumentos" source="C:\automation\robot_avancado\tests\argumentos.robot">
<test id="s1-s1-s1-t1" name="Criando lista e dicionário via parâmetro" line="10">
<kw name="Teste Criando uma Lista">
<kw name="Log" owner="BuiltIn">
<msg time="2025-05-01T13:00:18.912280" level="INFO">['may', 'ribeiro', 'fernandes']</msg>
<arg>${minha_lista}</arg>
<doc>Logs the given message with the given level.</doc>
<status status="PASS" start="2025-05-01T13:00:18.911826" elapsed="0.000750"/>
</kw>
<kw name="Log Many" owner="BuiltIn">
<msg time="2025-05-01T13:00:18.913358" level="INFO">may</msg>
<msg time="2025-05-01T13:00:18.913528" level="INFO">ribeiro</msg>
<msg time="2025-05-01T13:00:18.913647" level="INFO">fernandes</msg>
<arg>@{minha_lista}</arg>
<doc>Logs the given messages as separate entries using the INFO level.</doc>
<status status="PASS" start="2025-05-01T13:00:18.912790" elapsed="0.001318"/>
</kw>
<kw name="Log" owner="BuiltIn">
<msg time="2025-05-01T13:00:18.914871" level="INFO">may</msg>
<arg>${minha_lista}[0]</arg>
<doc>Logs the given message with the given level.</doc>
<status status="PASS" start="2025-05-01T13:00:18.914340" elapsed="0.000761"/>
</kw>
<arg>may</arg>
<arg>ribeiro</arg>
<arg>fernandes</arg>
<status status="PASS" start="2025-05-01T13:00:18.910719" elapsed="0.004562"/>
</kw>
<doc>No Python é conhecido como "kwargs"</doc>
<status status="PASS" start="2025-05-01T13:00:18.909054" elapsed="0.006645"/>
</test>
<status status="PASS" start="2025-05-01T13:00:18.903197" elapsed="0.014059"/>
</suite>
<status status="PASS" start="2025-05-01T13:00:18.900260" elapsed="0.019097"/>
</suite>
<status status="PASS" start="2025-05-01T13:00:18.868898" elapsed="0.054094"/>
</suite>
<statistics>
<total>
<stat pass="1" fail="0" skip="0">All Tests</stat>
</total>
<tag>
</tag>
<suite>
<stat name="Robot Avancado" id="s1" pass="1" fail="0" skip="0">Robot Avancado</stat>
<stat name="Tests" id="s1-s1" pass="1" fail="0" skip="0">Robot Avancado.Tests</stat>
<stat name="Argumentos" id="s1-s1-s1" pass="1" fail="0" skip="0">Robot Avancado.Tests.Argumentos</stat>
</suite>
</statistics>
<errors>
</errors>
</robot>
