<?xml version="1.0" encoding="UTF-8"?>
<robot generator="Robot 7.2 (Python 3.13.3 on win32)" generated="2025-05-09T10:47:23.865695" rpa="false" schemaversion="5">
<suite id="s1" name="Robot Avancado" source="C:\automation\robot_avancado">
<suite id="s1-s1" name="Tests" source="C:\automation\robot_avancado\tests">
<suite id="s1-s1-s1" name="Process" source="C:\automation\robot_avancado\tests\process.robot">
<test id="s1-s1-s1-t1" name="Exemplo 03: Execute comandos de prompt" line="13">
<kw name="Executando comandos diversos de prompt">
<kw name="Run Process" owner="Process">
<msg time="2025-05-09T10:47:23.957929" level="INFO">Starting process:
cd..</msg>
<msg time="2025-05-09T10:47:23.977609" level="INFO">Waiting for process to complete.</msg>
<msg time="2025-05-09T10:47:24.005900" level="INFO">Process completed.</msg>
<msg time="2025-05-09T10:47:24.006766" level="INFO">${teste} = &lt;result object with rc 0&gt;</msg>
<var>${teste}</var>
<arg>cd..</arg>
<arg>cwd=C:\\automation\\robot_avancado\\tests</arg>
<arg>shell=True</arg>
<doc>Runs a process and waits for it to complete.</doc>
<status status="PASS" start="2025-05-09T10:47:23.957043" elapsed="0.050094"/>
</kw>
<kw name="Run Process" owner="Process">
<msg time="2025-05-09T10:47:24.008460" level="INFO">Starting process:
"mkdir robot_teste"</msg>
<msg time="2025-05-09T10:47:24.013385" level="FAIL">FileNotFoundError: [WinError 2] O sistema não pode encontrar o arquivo especificado</msg>
<var>${current_dir}</var>
<arg>mkdir robot_teste</arg>
<doc>Runs a process and waits for it to complete.</doc>
<status status="FAIL" start="2025-05-09T10:47:24.007705" elapsed="0.012230">FileNotFoundError: [WinError 2] O sistema não pode encontrar o arquivo especificado</status>
</kw>
<kw name="Log" owner="BuiltIn">
<arg>Caminho atual: ${current_dir}</arg>
<doc>Logs the given message with the given level.</doc>
<status status="NOT RUN" start="2025-05-09T10:47:24.020491" elapsed="0.000455"/>
</kw>
<status status="FAIL" start="2025-05-09T10:47:23.955340" elapsed="0.066017">FileNotFoundError: [WinError 2] O sistema não pode encontrar o arquivo especificado</status>
</kw>
<status status="FAIL" start="2025-05-09T10:47:23.952198" elapsed="0.069930">FileNotFoundError: [WinError 2] O sistema não pode encontrar o arquivo especificado</status>
</test>
<doc>http://robotframework.org/robotframework/latest/libraries/Process.html</doc>
<status status="FAIL" start="2025-05-09T10:47:23.934844" elapsed="0.090328"/>
</suite>
<status status="FAIL" start="2025-05-09T10:47:23.926207" elapsed="0.102834"/>
</suite>
<status status="FAIL" start="2025-05-09T10:47:23.874925" elapsed="0.159779"/>
</suite>
<statistics>
<total>
<stat pass="0" fail="1" skip="0">All Tests</stat>
</total>
<tag>
</tag>
<suite>
<stat name="Robot Avancado" id="s1" pass="0" fail="1" skip="0">Robot Avancado</stat>
<stat name="Tests" id="s1-s1" pass="0" fail="1" skip="0">Robot Avancado.Tests</stat>
<stat name="Process" id="s1-s1-s1" pass="0" fail="1" skip="0">Robot Avancado.Tests.Process</stat>
</suite>
</statistics>
<errors>
</errors>
</robot>
