<?xml version="1.0" encoding="UTF-8"?>
<robot generator="Robot 7.2 (Python 3.13.3 on win32)" generated="2025-04-28T16:50:06.236398" rpa="false" schemaversion="5">
<suite id="s1" name="Robot Avancado" source="C:\automation\robot_avancado">
<suite id="s1-s1" name="Tests" source="C:\automation\robot_avancado\tests">
<suite id="s1-s1-s1" name="Esperas" source="C:\automation\robot_avancado\tests\esperas.robot">
<test id="s1-s1-s1-t1" name="Exemplo 02: Teste de espera" line="12">
<kw name="Esperar uma keyword obter sucesso!">
<kw name="Wait Until Keyword Succeeds" owner="BuiltIn">
<kw name="Essa keyword só passa se estivermos no segundo 15!">
<kw name="Get Current Date" owner="DateTime">
<msg time="2025-04-28T16:50:06.278935" level="INFO">${HORA_ATUAL} = 2025-04-28 16:50:06.279</msg>
<var>${HORA_ATUAL}</var>
<doc>Returns current local or UTC time with an optional increment.</doc>
<status status="PASS" start="2025-04-28T16:50:06.278097" elapsed="0.001041"/>
</kw>
<kw name="Convert Date" owner="DateTime">
<msg time="2025-04-28T16:50:06.286276" level="INFO">${HORA_ATUAL} = 2025-04-28 16:50:06.279000</msg>
<var>${HORA_ATUAL}</var>
<arg>${HORA_ATUAL}</arg>
<arg>datetime</arg>
<doc>Converts between supported `date formats`.</doc>
<status status="PASS" start="2025-04-28T16:50:06.279343" elapsed="0.007318"/>
</kw>
<kw name="Log" owner="BuiltIn">
<msg time="2025-04-28T16:50:06.288666" level="INFO">Hora atual: 16
Minuto atual: 50
Segundo atual: 6</msg>
<arg>Hora atual: ${HORA_ATUAL.hour}\nMinuto atual: ${HORA_ATUAL.minute}\nSegundo atual: ${HORA_ATUAL.second}</arg>
<doc>Logs the given message with the given level.</doc>
<status status="PASS" start="2025-04-28T16:50:06.286909" elapsed="0.002008"/>
</kw>
<kw name="Run Keyword If" owner="BuiltIn">
<kw name="Fail" owner="BuiltIn">
<msg time="2025-04-28T16:50:06.291296" level="FAIL">Ainda não estamos no segundo 15!!</msg>
<arg>msg=Ainda não estamos no segundo 15!!</arg>
<doc>Fails the test with the given message and optionally alters its tags.</doc>
<status status="FAIL" start="2025-04-28T16:50:06.290310" elapsed="0.001331">Ainda não estamos no segundo 15!!</status>
</kw>
<arg>"${HORA_ATUAL.second}"!="15"</arg>
<arg>Fail</arg>
<arg>msg=Ainda não estamos no segundo 15!!</arg>
<doc>Runs the given keyword with the given arguments, if ``condition`` is true.</doc>
<status status="FAIL" start="2025-04-28T16:50:06.289157" elapsed="0.002626">Ainda não estamos no segundo 15!!</status>
</kw>
<status status="FAIL" start="2025-04-28T16:50:06.277654" elapsed="0.014328">Ainda não estamos no segundo 15!!</status>
</kw>
<kw name="Essa keyword só passa se estivermos no segundo 15!">
<kw name="Get Current Date" owner="DateTime">
<msg time="2025-04-28T16:50:07.294212" level="INFO">${HORA_ATUAL} = 2025-04-28 16:50:07.294</msg>
<var>${HORA_ATUAL}</var>
<doc>Returns current local or UTC time with an optional increment.</doc>
<status status="PASS" start="2025-04-28T16:50:07.293385" elapsed="0.001361"/>
</kw>
<kw name="Convert Date" owner="DateTime">
<msg time="2025-04-28T16:50:07.296053" level="INFO">${HORA_ATUAL} = 2025-04-28 16:50:07.294000</msg>
<var>${HORA_ATUAL}</var>
<arg>${HORA_ATUAL}</arg>
<arg>datetime</arg>
<doc>Converts between supported `date formats`.</doc>
<status status="PASS" start="2025-04-28T16:50:07.294977" elapsed="0.001438"/>
</kw>
<kw name="Log" owner="BuiltIn">
<msg time="2025-04-28T16:50:07.306977" level="INFO">Hora atual: 16
Minuto atual: 50
Segundo atual: 7</msg>
<arg>Hora atual: ${HORA_ATUAL.hour}\nMinuto atual: ${HORA_ATUAL.minute}\nSegundo atual: ${HORA_ATUAL.second}</arg>
<doc>Logs the given message with the given level.</doc>
<status status="PASS" start="2025-04-28T16:50:07.296714" elapsed="0.010911"/>
</kw>
<kw name="Run Keyword If" owner="BuiltIn">
<kw name="Fail" owner="BuiltIn">
<msg time="2025-04-28T16:50:07.310421" level="FAIL">Ainda não estamos no segundo 15!!</msg>
<arg>msg=Ainda não estamos no segundo 15!!</arg>
<doc>Fails the test with the given message and optionally alters its tags.</doc>
<status status="FAIL" start="2025-04-28T16:50:07.309384" elapsed="0.001808">Ainda não estamos no segundo 15!!</status>
</kw>
<arg>"${HORA_ATUAL.second}"!="15"</arg>
<arg>Fail</arg>
<arg>msg=Ainda não estamos no segundo 15!!</arg>
<doc>Runs the given keyword with the given arguments, if ``condition`` is true.</doc>
<status status="FAIL" start="2025-04-28T16:50:07.307916" elapsed="0.003448">Ainda não estamos no segundo 15!!</status>
</kw>
<status status="FAIL" start="2025-04-28T16:50:07.292831" elapsed="0.018744">Ainda não estamos no segundo 15!!</status>
</kw>
<kw name="Essa keyword só passa se estivermos no segundo 15!">
<kw name="Get Current Date" owner="DateTime">
<msg time="2025-04-28T16:50:08.316771" level="INFO">${HORA_ATUAL} = 2025-04-28 16:50:08.317</msg>
<var>${HORA_ATUAL}</var>
<doc>Returns current local or UTC time with an optional increment.</doc>
<status status="PASS" start="2025-04-28T16:50:08.315342" elapsed="0.002288"/>
</kw>
<kw name="Convert Date" owner="DateTime">
<msg time="2025-04-28T16:50:08.319412" level="INFO">${HORA_ATUAL} = 2025-04-28 16:50:08.317000</msg>
<var>${HORA_ATUAL}</var>
<arg>${HORA_ATUAL}</arg>
<arg>datetime</arg>
<doc>Converts between supported `date formats`.</doc>
<status status="PASS" start="2025-04-28T16:50:08.317863" elapsed="0.001921"/>
</kw>
<kw name="Log" owner="BuiltIn">
<msg time="2025-04-28T16:50:08.324307" level="INFO">Hora atual: 16
Minuto atual: 50
Segundo atual: 8</msg>
<arg>Hora atual: ${HORA_ATUAL.hour}\nMinuto atual: ${HORA_ATUAL.minute}\nSegundo atual: ${HORA_ATUAL.second}</arg>
<doc>Logs the given message with the given level.</doc>
<status status="PASS" start="2025-04-28T16:50:08.320163" elapsed="0.004534"/>
</kw>
<kw name="Run Keyword If" owner="BuiltIn">
<kw name="Fail" owner="BuiltIn">
<msg time="2025-04-28T16:50:08.328382" level="FAIL">Ainda não estamos no segundo 15!!</msg>
<arg>msg=Ainda não estamos no segundo 15!!</arg>
<doc>Fails the test with the given message and optionally alters its tags.</doc>
<status status="FAIL" start="2025-04-28T16:50:08.326936" elapsed="0.002716">Ainda não estamos no segundo 15!!</status>
</kw>
<arg>"${HORA_ATUAL.second}"!="15"</arg>
<arg>Fail</arg>
<arg>msg=Ainda não estamos no segundo 15!!</arg>
<doc>Runs the given keyword with the given arguments, if ``condition`` is true.</doc>
<status status="FAIL" start="2025-04-28T16:50:08.324932" elapsed="0.005546">Ainda não estamos no segundo 15!!</status>
</kw>
<status status="FAIL" start="2025-04-28T16:50:08.313618" elapsed="0.017397">Ainda não estamos no segundo 15!!</status>
</kw>
<kw name="Essa keyword só passa se estivermos no segundo 15!">
<kw name="Get Current Date" owner="DateTime">
<msg time="2025-04-28T16:50:09.333947" level="INFO">${HORA_ATUAL} = 2025-04-28 16:50:09.334</msg>
<var>${HORA_ATUAL}</var>
<doc>Returns current local or UTC time with an optional increment.</doc>
<status status="PASS" start="2025-04-28T16:50:09.333005" elapsed="0.001157"/>
</kw>
<kw name="Convert Date" owner="DateTime">
<msg time="2025-04-28T16:50:09.335616" level="INFO">${HORA_ATUAL} = 2025-04-28 16:50:09.334000</msg>
<var>${HORA_ATUAL}</var>
<arg>${HORA_ATUAL}</arg>
<arg>datetime</arg>
<doc>Converts between supported `date formats`.</doc>
<status status="PASS" start="2025-04-28T16:50:09.334386" elapsed="0.001906"/>
</kw>
<kw name="Log" owner="BuiltIn">
<msg time="2025-04-28T16:50:09.338547" level="INFO">Hora atual: 16
Minuto atual: 50
Segundo atual: 9</msg>
<arg>Hora atual: ${HORA_ATUAL.hour}\nMinuto atual: ${HORA_ATUAL.minute}\nSegundo atual: ${HORA_ATUAL.second}</arg>
<doc>Logs the given message with the given level.</doc>
<status status="PASS" start="2025-04-28T16:50:09.336554" elapsed="0.002548"/>
</kw>
<kw name="Run Keyword If" owner="BuiltIn">
<kw name="Fail" owner="BuiltIn">
<msg time="2025-04-28T16:50:09.341622" level="FAIL">Ainda não estamos no segundo 15!!</msg>
<arg>msg=Ainda não estamos no segundo 15!!</arg>
<doc>Fails the test with the given message and optionally alters its tags.</doc>
<status status="FAIL" start="2025-04-28T16:50:09.340303" elapsed="0.001829">Ainda não estamos no segundo 15!!</status>
</kw>
<arg>"${HORA_ATUAL.second}"!="15"</arg>
<arg>Fail</arg>
<arg>msg=Ainda não estamos no segundo 15!!</arg>
<doc>Runs the given keyword with the given arguments, if ``condition`` is true.</doc>
<status status="FAIL" start="2025-04-28T16:50:09.339386" elapsed="0.003709">Ainda não estamos no segundo 15!!</status>
</kw>
<status status="FAIL" start="2025-04-28T16:50:09.332438" elapsed="0.010921">Ainda não estamos no segundo 15!!</status>
</kw>
<kw name="Essa keyword só passa se estivermos no segundo 15!">
<kw name="Get Current Date" owner="DateTime">
<msg time="2025-04-28T16:50:10.346163" level="INFO">${HORA_ATUAL} = 2025-04-28 16:50:10.346</msg>
<var>${HORA_ATUAL}</var>
<doc>Returns current local or UTC time with an optional increment.</doc>
<status status="PASS" start="2025-04-28T16:50:10.344813" elapsed="0.001547"/>
</kw>
<kw name="Convert Date" owner="DateTime">
<msg time="2025-04-28T16:50:10.347670" level="INFO">${HORA_ATUAL} = 2025-04-28 16:50:10.346000</msg>
<var>${HORA_ATUAL}</var>
<arg>${HORA_ATUAL}</arg>
<arg>datetime</arg>
<doc>Converts between supported `date formats`.</doc>
<status status="PASS" start="2025-04-28T16:50:10.346549" elapsed="0.001309"/>
</kw>
<kw name="Log" owner="BuiltIn">
<msg time="2025-04-28T16:50:10.350403" level="INFO">Hora atual: 16
Minuto atual: 50
Segundo atual: 10</msg>
<arg>Hora atual: ${HORA_ATUAL.hour}\nMinuto atual: ${HORA_ATUAL.minute}\nSegundo atual: ${HORA_ATUAL.second}</arg>
<doc>Logs the given message with the given level.</doc>
<status status="PASS" start="2025-04-28T16:50:10.348093" elapsed="0.002587"/>
</kw>
<kw name="Run Keyword If" owner="BuiltIn">
<kw name="Fail" owner="BuiltIn">
<msg time="2025-04-28T16:50:10.353136" level="FAIL">Ainda não estamos no segundo 15!!</msg>
<arg>msg=Ainda não estamos no segundo 15!!</arg>
<doc>Fails the test with the given message and optionally alters its tags.</doc>
<status status="FAIL" start="2025-04-28T16:50:10.351966" elapsed="0.001576">Ainda não estamos no segundo 15!!</status>
</kw>
<arg>"${HORA_ATUAL.second}"!="15"</arg>
<arg>Fail</arg>
<arg>msg=Ainda não estamos no segundo 15!!</arg>
<doc>Runs the given keyword with the given arguments, if ``condition`` is true.</doc>
<status status="FAIL" start="2025-04-28T16:50:10.350875" elapsed="0.002799">Ainda não estamos no segundo 15!!</status>
</kw>
<status status="FAIL" start="2025-04-28T16:50:10.344185" elapsed="0.009659">Ainda não estamos no segundo 15!!</status>
</kw>
<kw name="Essa keyword só passa se estivermos no segundo 15!">
<kw name="Get Current Date" owner="DateTime">
<msg time="2025-04-28T16:50:11.356676" level="INFO">${HORA_ATUAL} = 2025-04-28 16:50:11.356</msg>
<var>${HORA_ATUAL}</var>
<doc>Returns current local or UTC time with an optional increment.</doc>
<status status="PASS" start="2025-04-28T16:50:11.355696" elapsed="0.001243"/>
</kw>
<kw name="Convert Date" owner="DateTime">
<msg time="2025-04-28T16:50:11.358674" level="INFO">${HORA_ATUAL} = 2025-04-28 16:50:11.356000</msg>
<var>${HORA_ATUAL}</var>
<arg>${HORA_ATUAL}</arg>
<arg>datetime</arg>
<doc>Converts between supported `date formats`.</doc>
<status status="PASS" start="2025-04-28T16:50:11.357239" elapsed="0.001887"/>
</kw>
<kw name="Log" owner="BuiltIn">
<msg time="2025-04-28T16:50:11.361763" level="INFO">Hora atual: 16
Minuto atual: 50
Segundo atual: 11</msg>
<arg>Hora atual: ${HORA_ATUAL.hour}\nMinuto atual: ${HORA_ATUAL.minute}\nSegundo atual: ${HORA_ATUAL.second}</arg>
<doc>Logs the given message with the given level.</doc>
<status status="PASS" start="2025-04-28T16:50:11.359455" elapsed="0.002883"/>
</kw>
<kw name="Run Keyword If" owner="BuiltIn">
<kw name="Fail" owner="BuiltIn">
<msg time="2025-04-28T16:50:11.367734" level="FAIL">Ainda não estamos no segundo 15!!</msg>
<arg>msg=Ainda não estamos no segundo 15!!</arg>
<doc>Fails the test with the given message and optionally alters its tags.</doc>
<status status="FAIL" start="2025-04-28T16:50:11.365879" elapsed="0.002654">Ainda não estamos no segundo 15!!</status>
</kw>
<arg>"${HORA_ATUAL.second}"!="15"</arg>
<arg>Fail</arg>
<arg>msg=Ainda não estamos no segundo 15!!</arg>
<doc>Runs the given keyword with the given arguments, if ``condition`` is true.</doc>
<status status="FAIL" start="2025-04-28T16:50:11.363002" elapsed="0.005710">Ainda não estamos no segundo 15!!</status>
</kw>
<status status="FAIL" start="2025-04-28T16:50:11.355008" elapsed="0.013888">Ainda não estamos no segundo 15!!</status>
</kw>
<kw name="Essa keyword só passa se estivermos no segundo 15!">
<kw name="Get Current Date" owner="DateTime">
<msg time="2025-04-28T16:50:12.370778" level="INFO">${HORA_ATUAL} = 2025-04-28 16:50:12.371</msg>
<var>${HORA_ATUAL}</var>
<doc>Returns current local or UTC time with an optional increment.</doc>
<status status="PASS" start="2025-04-28T16:50:12.369939" elapsed="0.001031"/>
</kw>
<kw name="Convert Date" owner="DateTime">
<msg time="2025-04-28T16:50:12.372432" level="INFO">${HORA_ATUAL} = 2025-04-28 16:50:12.371000</msg>
<var>${HORA_ATUAL}</var>
<arg>${HORA_ATUAL}</arg>
<arg>datetime</arg>
<doc>Converts between supported `date formats`.</doc>
<status status="PASS" start="2025-04-28T16:50:12.371142" elapsed="0.001493"/>
</kw>
<kw name="Log" owner="BuiltIn">
<msg time="2025-04-28T16:50:12.374899" level="INFO">Hora atual: 16
Minuto atual: 50
Segundo atual: 12</msg>
<arg>Hora atual: ${HORA_ATUAL.hour}\nMinuto atual: ${HORA_ATUAL.minute}\nSegundo atual: ${HORA_ATUAL.second}</arg>
<doc>Logs the given message with the given level.</doc>
<status status="PASS" start="2025-04-28T16:50:12.372869" elapsed="0.002456"/>
</kw>
<kw name="Run Keyword If" owner="BuiltIn">
<kw name="Fail" owner="BuiltIn">
<msg time="2025-04-28T16:50:12.378184" level="FAIL">Ainda não estamos no segundo 15!!</msg>
<arg>msg=Ainda não estamos no segundo 15!!</arg>
<doc>Fails the test with the given message and optionally alters its tags.</doc>
<status status="FAIL" start="2025-04-28T16:50:12.376827" elapsed="0.002898">Ainda não estamos no segundo 15!!</status>
</kw>
<arg>"${HORA_ATUAL.second}"!="15"</arg>
<arg>Fail</arg>
<arg>msg=Ainda não estamos no segundo 15!!</arg>
<doc>Runs the given keyword with the given arguments, if ``condition`` is true.</doc>
<status status="FAIL" start="2025-04-28T16:50:12.375630" elapsed="0.004251">Ainda não estamos no segundo 15!!</status>
</kw>
<status status="FAIL" start="2025-04-28T16:50:12.369428" elapsed="0.010731">Ainda não estamos no segundo 15!!</status>
</kw>
<kw name="Essa keyword só passa se estivermos no segundo 15!">
<kw name="Get Current Date" owner="DateTime">
<msg time="2025-04-28T16:50:13.382569" level="INFO">${HORA_ATUAL} = 2025-04-28 16:50:13.382</msg>
<var>${HORA_ATUAL}</var>
<doc>Returns current local or UTC time with an optional increment.</doc>
<status status="PASS" start="2025-04-28T16:50:13.381246" elapsed="0.001511"/>
</kw>
<kw name="Convert Date" owner="DateTime">
<msg time="2025-04-28T16:50:13.384126" level="INFO">${HORA_ATUAL} = 2025-04-28 16:50:13.382000</msg>
<var>${HORA_ATUAL}</var>
<arg>${HORA_ATUAL}</arg>
<arg>datetime</arg>
<doc>Converts between supported `date formats`.</doc>
<status status="PASS" start="2025-04-28T16:50:13.382947" elapsed="0.001376"/>
</kw>
<kw name="Log" owner="BuiltIn">
<msg time="2025-04-28T16:50:13.387058" level="INFO">Hora atual: 16
Minuto atual: 50
Segundo atual: 13</msg>
<arg>Hora atual: ${HORA_ATUAL.hour}\nMinuto atual: ${HORA_ATUAL.minute}\nSegundo atual: ${HORA_ATUAL.second}</arg>
<doc>Logs the given message with the given level.</doc>
<status status="PASS" start="2025-04-28T16:50:13.384582" elapsed="0.002747"/>
</kw>
<kw name="Run Keyword If" owner="BuiltIn">
<kw name="Fail" owner="BuiltIn">
<msg time="2025-04-28T16:50:13.389767" level="FAIL">Ainda não estamos no segundo 15!!</msg>
<arg>msg=Ainda não estamos no segundo 15!!</arg>
<doc>Fails the test with the given message and optionally alters its tags.</doc>
<status status="FAIL" start="2025-04-28T16:50:13.388611" elapsed="0.001499">Ainda não estamos no segundo 15!!</status>
</kw>
<arg>"${HORA_ATUAL.second}"!="15"</arg>
<arg>Fail</arg>
<arg>msg=Ainda não estamos no segundo 15!!</arg>
<doc>Runs the given keyword with the given arguments, if ``condition`` is true.</doc>
<status status="FAIL" start="2025-04-28T16:50:13.387535" elapsed="0.003063">Ainda não estamos no segundo 15!!</status>
</kw>
<status status="FAIL" start="2025-04-28T16:50:13.380712" elapsed="0.010104">Ainda não estamos no segundo 15!!</status>
</kw>
<kw name="Essa keyword só passa se estivermos no segundo 15!">
<kw name="Get Current Date" owner="DateTime">
<msg time="2025-04-28T16:50:14.393531" level="INFO">${HORA_ATUAL} = 2025-04-28 16:50:14.393</msg>
<var>${HORA_ATUAL}</var>
<doc>Returns current local or UTC time with an optional increment.</doc>
<status status="PASS" start="2025-04-28T16:50:14.392520" elapsed="0.001809"/>
</kw>
<kw name="Convert Date" owner="DateTime">
<msg time="2025-04-28T16:50:14.395968" level="INFO">${HORA_ATUAL} = 2025-04-28 16:50:14.393000</msg>
<var>${HORA_ATUAL}</var>
<arg>${HORA_ATUAL}</arg>
<arg>datetime</arg>
<doc>Converts between supported `date formats`.</doc>
<status status="PASS" start="2025-04-28T16:50:14.394648" elapsed="0.001540"/>
</kw>
<kw name="Log" owner="BuiltIn">
<msg time="2025-04-28T16:50:14.398324" level="INFO">Hora atual: 16
Minuto atual: 50
Segundo atual: 14</msg>
<arg>Hora atual: ${HORA_ATUAL.hour}\nMinuto atual: ${HORA_ATUAL.minute}\nSegundo atual: ${HORA_ATUAL.second}</arg>
<doc>Logs the given message with the given level.</doc>
<status status="PASS" start="2025-04-28T16:50:14.396466" elapsed="0.002329"/>
</kw>
<kw name="Run Keyword If" owner="BuiltIn">
<kw name="Fail" owner="BuiltIn">
<msg time="2025-04-28T16:50:14.401680" level="FAIL">Ainda não estamos no segundo 15!!</msg>
<arg>msg=Ainda não estamos no segundo 15!!</arg>
<doc>Fails the test with the given message and optionally alters its tags.</doc>
<status status="FAIL" start="2025-04-28T16:50:14.400324" elapsed="0.002372">Ainda não estamos no segundo 15!!</status>
</kw>
<arg>"${HORA_ATUAL.second}"!="15"</arg>
<arg>Fail</arg>
<arg>msg=Ainda não estamos no segundo 15!!</arg>
<doc>Runs the given keyword with the given arguments, if ``condition`` is true.</doc>
<status status="FAIL" start="2025-04-28T16:50:14.399057" elapsed="0.003843">Ainda não estamos no segundo 15!!</status>
</kw>
<status status="FAIL" start="2025-04-28T16:50:14.391974" elapsed="0.011177">Ainda não estamos no segundo 15!!</status>
</kw>
<kw name="Essa keyword só passa se estivermos no segundo 15!">
<kw name="Get Current Date" owner="DateTime">
<msg time="2025-04-28T16:50:15.405496" level="INFO">${HORA_ATUAL} = 2025-04-28 16:50:15.405</msg>
<var>${HORA_ATUAL}</var>
<doc>Returns current local or UTC time with an optional increment.</doc>
<status status="PASS" start="2025-04-28T16:50:15.404574" elapsed="0.001272"/>
</kw>
<kw name="Convert Date" owner="DateTime">
<msg time="2025-04-28T16:50:15.407214" level="INFO">${HORA_ATUAL} = 2025-04-28 16:50:15.405000</msg>
<var>${HORA_ATUAL}</var>
<arg>${HORA_ATUAL}</arg>
<arg>datetime</arg>
<doc>Converts between supported `date formats`.</doc>
<status status="PASS" start="2025-04-28T16:50:15.406028" elapsed="0.001668"/>
</kw>
<kw name="Log" owner="BuiltIn">
<msg time="2025-04-28T16:50:15.410197" level="INFO">Hora atual: 16
Minuto atual: 50
Segundo atual: 15</msg>
<arg>Hora atual: ${HORA_ATUAL.hour}\nMinuto atual: ${HORA_ATUAL.minute}\nSegundo atual: ${HORA_ATUAL.second}</arg>
<doc>Logs the given message with the given level.</doc>
<status status="PASS" start="2025-04-28T16:50:15.407951" elapsed="0.003085"/>
</kw>
<kw name="Run Keyword If" owner="BuiltIn">
<arg>"${HORA_ATUAL.second}"!="15"</arg>
<arg>Fail</arg>
<arg>msg=Ainda não estamos no segundo 15!!</arg>
<doc>Runs the given keyword with the given arguments, if ``condition`` is true.</doc>
<status status="PASS" start="2025-04-28T16:50:15.411322" elapsed="0.000931"/>
</kw>
<status status="PASS" start="2025-04-28T16:50:15.404056" elapsed="0.008353"/>
</kw>
<arg>60x</arg>
<arg>1 seconds</arg>
<arg>Essa keyword só passa se estivermos no segundo 15!</arg>
<doc>Runs the specified keyword and retries if it fails.</doc>
<status status="PASS" start="2025-04-28T16:50:06.277060" elapsed="9.135463"/>
</kw>
<status status="PASS" start="2025-04-28T16:50:06.276231" elapsed="9.136483"/>
</kw>
<kw name="Teardown do meu teste" type="TEARDOWN">
<kw name="Run Keyword If Timeout Occurred" owner="BuiltIn">
<arg>Log</arg>
<arg>Esse teste demorou demais, possível problema de performance!</arg>
<doc>Runs the given keyword if either a test or a keyword timeout has occurred.</doc>
<status status="PASS" start="2025-04-28T16:50:15.413896" elapsed="0.000275"/>
</kw>
<status status="PASS" start="2025-04-28T16:50:15.413335" elapsed="0.000965"/>
</kw>
<timeout value="2 minutes"/>
<status status="PASS" start="2025-04-28T16:50:06.274905" elapsed="9.139672"/>
</test>
<status status="PASS" start="2025-04-28T16:50:06.270624" elapsed="9.145889"/>
</suite>
<status status="PASS" start="2025-04-28T16:50:06.267136" elapsed="9.151556"/>
</suite>
<status status="PASS" start="2025-04-28T16:50:06.241653" elapsed="9.179930"/>
</suite>
<statistics>
<total>
<stat pass="1" fail="0" skip="0">All Tests</stat>
</total>
<tag>
</tag>
<suite>
<stat name="Robot Avancado" id="s1" pass="1" fail="0" skip="0">Robot Avancado</stat>
<stat name="Tests" id="s1-s1" pass="1" fail="0" skip="0">Robot Avancado.Tests</stat>
<stat name="Esperas" id="s1-s1-s1" pass="1" fail="0" skip="0">Robot Avancado.Tests.Esperas</stat>
</suite>
</statistics>
<errors>
</errors>
</robot>
