<?xml version="1.0" encoding="UTF-8"?>
<robot generator="Robot 7.2 (Python 3.13.3 on win32)" generated="2025-05-08T16:48:38.264900" rpa="false" schemaversion="5">
<suite id="s1" name="Robot Avancado" source="C:\automation\robot_avancado">
<suite id="s1-s1" name="Tests" source="C:\automation\robot_avancado\tests">
<suite id="s1-s1-s1" name="String" source="C:\automation\robot_avancado\tests\string.robot">
<test id="s1-s1-s1-t1" name="Exemplo 01: Lidando com linhas de um texto String" line="7">
<kw name="Contando as linhas">
<kw name="Pega arquivo">
<kw name="Get File" owner="OperatingSystem">
<msg time="2025-05-08T16:48:38.376119" level="INFO" html="true">Getting file '&lt;a href="file://C:\automation\robot_avancado\my_files\arquivo_texto_linhas.txt"&gt;C:\automation\robot_avancado\my_files\arquivo_texto_linhas.txt&lt;/a&gt;'.</msg>
<msg time="2025-05-08T16:48:38.377838" level="INFO">${CONTEUDO_ARQUIVO} = Minha linha 00!
Minha linha 01!
Minha linha 02!
Minha linha 03!
Minha linha 04!
Minha linha 05!
</msg>
<var>${CONTEUDO_ARQUIVO}</var>
<arg>./my_files/arquivo_texto_linhas.txt</arg>
<doc>Returns the contents of a specified file.</doc>
<status status="PASS" start="2025-05-08T16:48:38.375219" elapsed="0.003040"/>
</kw>
<return>
<value>${CONTEUDO_ARQUIVO}</value>
<status status="PASS" start="2025-05-08T16:48:38.378623" elapsed="0.000645"/>
</return>
<msg time="2025-05-08T16:48:38.379863" level="INFO">${STRING} = Minha linha 00!
Minha linha 01!
Minha linha 02!
Minha linha 03!
Minha linha 04!
Minha linha 05!
</msg>
<var>${STRING}</var>
<status status="PASS" start="2025-05-08T16:48:38.373618" elapsed="0.006589"/>
</kw>
<kw name="Get Line Count" owner="String">
<msg time="2025-05-08T16:48:38.381308" level="INFO">6 lines.</msg>
<msg time="2025-05-08T16:48:38.381726" level="INFO">${LINHAS} = 6</msg>
<var>${LINHAS}</var>
<arg>${STRING}</arg>
<doc>Returns and logs the number of lines in the given string.</doc>
<status status="PASS" start="2025-05-08T16:48:38.380607" elapsed="0.001374"/>
</kw>
<kw name="Log" owner="BuiltIn">
<msg time="2025-05-08T16:48:38.383084" level="INFO">Meu arquivo tem: 6 linhas!!</msg>
<arg>Meu arquivo tem: ${LINHAS} linhas!!</arg>
<doc>Logs the given message with the given level.</doc>
<status status="PASS" start="2025-05-08T16:48:38.382374" elapsed="0.001177"/>
</kw>
<status status="PASS" start="2025-05-08T16:48:38.372786" elapsed="0.011112"/>
</kw>
<kw name="Pegando uma linha específica">
<kw name="Pega arquivo">
<kw name="Get File" owner="OperatingSystem">
<msg time="2025-05-08T16:48:38.386985" level="INFO" html="true">Getting file '&lt;a href="file://C:\automation\robot_avancado\my_files\arquivo_texto_linhas.txt"&gt;C:\automation\robot_avancado\my_files\arquivo_texto_linhas.txt&lt;/a&gt;'.</msg>
<msg time="2025-05-08T16:48:38.388392" level="INFO">${CONTEUDO_ARQUIVO} = Minha linha 00!
Minha linha 01!
Minha linha 02!
Minha linha 03!
Minha linha 04!
Minha linha 05!
</msg>
<var>${CONTEUDO_ARQUIVO}</var>
<arg>./my_files/arquivo_texto_linhas.txt</arg>
<doc>Returns the contents of a specified file.</doc>
<status status="PASS" start="2025-05-08T16:48:38.386552" elapsed="0.002206"/>
</kw>
<return>
<value>${CONTEUDO_ARQUIVO}</value>
<status status="PASS" start="2025-05-08T16:48:38.389141" elapsed="0.000574"/>
</return>
<msg time="2025-05-08T16:48:38.390243" level="INFO">${STRING} = Minha linha 00!
Minha linha 01!
Minha linha 02!
Minha linha 03!
Minha linha 04!
Minha linha 05!
</msg>
<var>${STRING}</var>
<status status="PASS" start="2025-05-08T16:48:38.385822" elapsed="0.004800"/>
</kw>
<kw name="Get Line" owner="String">
<msg time="2025-05-08T16:48:38.397557" level="INFO">${LINHA_3} = Minha linha 03!</msg>
<var>${LINHA_3}</var>
<arg>${STRING}</arg>
<arg>3</arg>
<doc>Returns the specified line from the given ``string``.</doc>
<status status="PASS" start="2025-05-08T16:48:38.391024" elapsed="0.006911"/>
</kw>
<kw name="Log" owner="BuiltIn">
<msg time="2025-05-08T16:48:38.400651" level="INFO">Conteúdo da linha 03 do arquivo:
"Minha linha 03!"</msg>
<arg>Conteúdo da linha 03 do arquivo:\n"${LINHA_3}"</arg>
<doc>Logs the given message with the given level.</doc>
<status status="PASS" start="2025-05-08T16:48:38.398490" elapsed="0.002714"/>
</kw>
<for flavor="IN RANGE">
<iter>
<kw name="Get Line" owner="String">
<msg time="2025-05-08T16:48:38.406526" level="INFO">${CONTEUDO_LINHA} = Minha linha 00!</msg>
<var>${CONTEUDO_LINHA}</var>
<arg>${STRING}</arg>
<arg>${NUMERO_LINHA}</arg>
<doc>Returns the specified line from the given ``string``.</doc>
<status status="PASS" start="2025-05-08T16:48:38.405255" elapsed="0.001627"/>
</kw>
<kw name="Log" owner="BuiltIn">
<msg time="2025-05-08T16:48:38.408227" level="INFO">Conteúdo da linha 0 do arquivo:
"Minha linha 00!"</msg>
<arg>Conteúdo da linha ${NUMERO_LINHA} do arquivo:\n"${CONTEUDO_LINHA}"</arg>
<doc>Logs the given message with the given level.</doc>
<status status="PASS" start="2025-05-08T16:48:38.407254" elapsed="0.001633"/>
</kw>
<var name="${NUMERO_LINHA}">0</var>
<status status="PASS" start="2025-05-08T16:48:38.404587" elapsed="0.004904"/>
</iter>
<iter>
<kw name="Get Line" owner="String">
<msg time="2025-05-08T16:48:38.412437" level="INFO">${CONTEUDO_LINHA} = Minha linha 01!</msg>
<var>${CONTEUDO_LINHA}</var>
<arg>${STRING}</arg>
<arg>${NUMERO_LINHA}</arg>
<doc>Returns the specified line from the given ``string``.</doc>
<status status="PASS" start="2025-05-08T16:48:38.410637" elapsed="0.002211"/>
</kw>
<kw name="Log" owner="BuiltIn">
<msg time="2025-05-08T16:48:38.414136" level="INFO">Conteúdo da linha 1 do arquivo:
"Minha linha 01!"</msg>
<arg>Conteúdo da linha ${NUMERO_LINHA} do arquivo:\n"${CONTEUDO_LINHA}"</arg>
<doc>Logs the given message with the given level.</doc>
<status status="PASS" start="2025-05-08T16:48:38.413308" elapsed="0.001255"/>
</kw>
<var name="${NUMERO_LINHA}">1</var>
<status status="PASS" start="2025-05-08T16:48:38.409954" elapsed="0.004857"/>
</iter>
<iter>
<kw name="Get Line" owner="String">
<msg time="2025-05-08T16:48:38.416662" level="INFO">${CONTEUDO_LINHA} = Minha linha 02!</msg>
<var>${CONTEUDO_LINHA}</var>
<arg>${STRING}</arg>
<arg>${NUMERO_LINHA}</arg>
<doc>Returns the specified line from the given ``string``.</doc>
<status status="PASS" start="2025-05-08T16:48:38.415722" elapsed="0.001643"/>
</kw>
<kw name="Log" owner="BuiltIn">
<msg time="2025-05-08T16:48:38.419769" level="INFO">Conteúdo da linha 2 do arquivo:
"Minha linha 02!"</msg>
<arg>Conteúdo da linha ${NUMERO_LINHA} do arquivo:\n"${CONTEUDO_LINHA}"</arg>
<doc>Logs the given message with the given level.</doc>
<status status="PASS" start="2025-05-08T16:48:38.418139" elapsed="0.002681"/>
</kw>
<var name="${NUMERO_LINHA}">2</var>
<status status="PASS" start="2025-05-08T16:48:38.415159" elapsed="0.005960"/>
</iter>
<iter>
<kw name="Get Line" owner="String">
<msg time="2025-05-08T16:48:38.422986" level="INFO">${CONTEUDO_LINHA} = Minha linha 03!</msg>
<var>${CONTEUDO_LINHA}</var>
<arg>${STRING}</arg>
<arg>${NUMERO_LINHA}</arg>
<doc>Returns the specified line from the given ``string``.</doc>
<status status="PASS" start="2025-05-08T16:48:38.421924" elapsed="0.001446"/>
</kw>
<kw name="Log" owner="BuiltIn">
<msg time="2025-05-08T16:48:38.425144" level="INFO">Conteúdo da linha 3 do arquivo:
"Minha linha 03!"</msg>
<arg>Conteúdo da linha ${NUMERO_LINHA} do arquivo:\n"${CONTEUDO_LINHA}"</arg>
<doc>Logs the given message with the given level.</doc>
<status status="PASS" start="2025-05-08T16:48:38.423939" elapsed="0.001669"/>
</kw>
<var name="${NUMERO_LINHA}">3</var>
<status status="PASS" start="2025-05-08T16:48:38.421381" elapsed="0.004529"/>
</iter>
<iter>
<kw name="Get Line" owner="String">
<msg time="2025-05-08T16:48:38.428923" level="INFO">${CONTEUDO_LINHA} = Minha linha 04!</msg>
<var>${CONTEUDO_LINHA}</var>
<arg>${STRING}</arg>
<arg>${NUMERO_LINHA}</arg>
<doc>Returns the specified line from the given ``string``.</doc>
<status status="PASS" start="2025-05-08T16:48:38.427480" elapsed="0.001976"/>
</kw>
<kw name="Log" owner="BuiltIn">
<msg time="2025-05-08T16:48:38.432184" level="INFO">Conteúdo da linha 4 do arquivo:
"Minha linha 04!"</msg>
<arg>Conteúdo da linha ${NUMERO_LINHA} do arquivo:\n"${CONTEUDO_LINHA}"</arg>
<doc>Logs the given message with the given level.</doc>
<status status="PASS" start="2025-05-08T16:48:38.430962" elapsed="0.001792"/>
</kw>
<var name="${NUMERO_LINHA}">4</var>
<status status="PASS" start="2025-05-08T16:48:38.426284" elapsed="0.006782"/>
</iter>
<iter>
<kw name="Get Line" owner="String">
<msg time="2025-05-08T16:48:38.435430" level="INFO">${CONTEUDO_LINHA} = Minha linha 05!</msg>
<var>${CONTEUDO_LINHA}</var>
<arg>${STRING}</arg>
<arg>${NUMERO_LINHA}</arg>
<doc>Returns the specified line from the given ``string``.</doc>
<status status="PASS" start="2025-05-08T16:48:38.434230" elapsed="0.001688"/>
</kw>
<kw name="Log" owner="BuiltIn">
<msg time="2025-05-08T16:48:38.437420" level="INFO">Conteúdo da linha 5 do arquivo:
"Minha linha 05!"</msg>
<arg>Conteúdo da linha ${NUMERO_LINHA} do arquivo:\n"${CONTEUDO_LINHA}"</arg>
<doc>Logs the given message with the given level.</doc>
<status status="PASS" start="2025-05-08T16:48:38.436363" elapsed="0.001681"/>
</kw>
<var name="${NUMERO_LINHA}">5</var>
<status status="PASS" start="2025-05-08T16:48:38.433490" elapsed="0.004724"/>
</iter>
<var>${NUMERO_LINHA}</var>
<value>0</value>
<value>6</value>
<status status="PASS" start="2025-05-08T16:48:38.401642" elapsed="0.036682"/>
</for>
<status status="PASS" start="2025-05-08T16:48:38.384618" elapsed="0.053907"/>
</kw>
<kw name="Pegando uma linha específica com a palavra &quot;linha 01&quot;" source_name="Pegando uma linha específica com a palavra &quot;${PALAVRA}&quot;">
<kw name="Pega arquivo">
<kw name="Get File" owner="OperatingSystem">
<msg time="2025-05-08T16:48:38.441706" level="INFO" html="true">Getting file '&lt;a href="file://C:\automation\robot_avancado\my_files\arquivo_texto_linhas.txt"&gt;C:\automation\robot_avancado\my_files\arquivo_texto_linhas.txt&lt;/a&gt;'.</msg>
<msg time="2025-05-08T16:48:38.442845" level="INFO">${CONTEUDO_ARQUIVO} = Minha linha 00!
Minha linha 01!
Minha linha 02!
Minha linha 03!
Minha linha 04!
Minha linha 05!
</msg>
<var>${CONTEUDO_ARQUIVO}</var>
<arg>./my_files/arquivo_texto_linhas.txt</arg>
<doc>Returns the contents of a specified file.</doc>
<status status="PASS" start="2025-05-08T16:48:38.441214" elapsed="0.002153"/>
</kw>
<return>
<value>${CONTEUDO_ARQUIVO}</value>
<status status="PASS" start="2025-05-08T16:48:38.443638" elapsed="0.000804"/>
</return>
<msg time="2025-05-08T16:48:38.445041" level="INFO">${STRING} = Minha linha 00!
Minha linha 01!
Minha linha 02!
Minha linha 03!
Minha linha 04!
Minha linha 05!
</msg>
<var>${STRING}</var>
<status status="PASS" start="2025-05-08T16:48:38.440380" elapsed="0.004907"/>
</kw>
<kw name="Get Lines Containing String" owner="String">
<msg time="2025-05-08T16:48:38.446347" level="INFO">1 out of 6 lines matched.</msg>
<msg time="2025-05-08T16:48:38.446791" level="INFO">${LINHA} = Minha linha 01!</msg>
<var>${LINHA}</var>
<arg>${STRING}</arg>
<arg>${PALAVRA}</arg>
<doc>Returns lines of the given ``string`` that contain the ``pattern``.</doc>
<status status="PASS" start="2025-05-08T16:48:38.445575" elapsed="0.001695"/>
</kw>
<kw name="Log" owner="BuiltIn">
<msg time="2025-05-08T16:48:38.448294" level="INFO">Linha com linha 01:
"Minha linha 01!"</msg>
<arg>Linha com ${PALAVRA}:\n"${LINHA}"</arg>
<doc>Logs the given message with the given level.</doc>
<status status="PASS" start="2025-05-08T16:48:38.447601" elapsed="0.000941"/>
</kw>
<status status="PASS" start="2025-05-08T16:48:38.439222" elapsed="0.009529"/>
</kw>
<kw name="Pegando até um marcador">
<kw name="Pega arquivo">
<kw name="Get File" owner="OperatingSystem">
<msg time="2025-05-08T16:48:38.451233" level="INFO" html="true">Getting file '&lt;a href="file://C:\automation\robot_avancado\my_files\arquivo_texto_linhas.txt"&gt;C:\automation\robot_avancado\my_files\arquivo_texto_linhas.txt&lt;/a&gt;'.</msg>
<msg time="2025-05-08T16:48:38.452728" level="INFO">${CONTEUDO_ARQUIVO} = Minha linha 00!
Minha linha 01!
Minha linha 02!
Minha linha 03!
Minha linha 04!
Minha linha 05!
</msg>
<var>${CONTEUDO_ARQUIVO}</var>
<arg>./my_files/arquivo_texto_linhas.txt</arg>
<doc>Returns the contents of a specified file.</doc>
<status status="PASS" start="2025-05-08T16:48:38.450796" elapsed="0.002292"/>
</kw>
<return>
<value>${CONTEUDO_ARQUIVO}</value>
<status status="PASS" start="2025-05-08T16:48:38.453323" elapsed="0.000285"/>
</return>
<msg time="2025-05-08T16:48:38.453887" level="INFO">${STRING} = Minha linha 00!
Minha linha 01!
Minha linha 02!
Minha linha 03!
Minha linha 04!
Minha linha 05!
</msg>
<var>${STRING}</var>
<status status="PASS" start="2025-05-08T16:48:38.450166" elapsed="0.003942"/>
</kw>
<kw name="Get Line" owner="String">
<msg time="2025-05-08T16:48:38.455011" level="INFO">${LINHA} = Minha linha 00!</msg>
<var>${LINHA}</var>
<arg>${STRING}</arg>
<arg>0</arg>
<doc>Returns the specified line from the given ``string``.</doc>
<status status="PASS" start="2025-05-08T16:48:38.454358" elapsed="0.000886"/>
</kw>
<kw name="Fetch From Left" owner="String">
<msg time="2025-05-08T16:48:38.456135" level="INFO">${COMECO} = Minha linha </msg>
<var>${COMECO}</var>
<arg>${LINHA}</arg>
<arg>0</arg>
<doc>Returns contents of the ``string`` before the first occurrence of ``marker``.</doc>
<status status="PASS" start="2025-05-08T16:48:38.455509" elapsed="0.000850"/>
</kw>
<kw name="Fetch From Right" owner="String">
<msg time="2025-05-08T16:48:38.457299" level="INFO">${FIM} = 00!</msg>
<var>${FIM}</var>
<arg>${LINHA}</arg>
<arg>linha${SPACE}</arg>
<doc>Returns contents of the ``string`` after the last occurrence of ``marker``.</doc>
<status status="PASS" start="2025-05-08T16:48:38.456633" elapsed="0.000884"/>
</kw>
<kw name="Log" owner="BuiltIn">
<msg time="2025-05-08T16:48:38.458553" level="INFO">Começo: "Minha linha "
Fim:"00!"

Tudo junto: "Minha linha 00!"</msg>
<arg>Começo: "${COMECO}"\nFim:"${FIM}"\n\nTudo junto: "${COMECO}${FIM}"</arg>
<doc>Logs the given message with the given level.</doc>
<status status="PASS" start="2025-05-08T16:48:38.457801" elapsed="0.000985"/>
</kw>
<status status="PASS" start="2025-05-08T16:48:38.449417" elapsed="0.009596"/>
</kw>
<status status="PASS" start="2025-05-08T16:48:38.370060" elapsed="0.089477"/>
</test>
<doc>http://robotframework.org/robotframework/latest/libraries/String.html</doc>
<status status="PASS" start="2025-05-08T16:48:38.319865" elapsed="0.142183"/>
</suite>
<status status="PASS" start="2025-05-08T16:48:38.314152" elapsed="0.150844"/>
</suite>
<status status="PASS" start="2025-05-08T16:48:38.276866" elapsed="0.190746"/>
</suite>
<statistics>
<total>
<stat pass="1" fail="0" skip="0">All Tests</stat>
</total>
<tag>
</tag>
<suite>
<stat name="Robot Avancado" id="s1" pass="1" fail="0" skip="0">Robot Avancado</stat>
<stat name="Tests" id="s1-s1" pass="1" fail="0" skip="0">Robot Avancado.Tests</stat>
<stat name="String" id="s1-s1-s1" pass="1" fail="0" skip="0">Robot Avancado.Tests.String</stat>
</suite>
</statistics>
<errors>
</errors>
</robot>
