<?xml version="1.0" encoding="UTF-8"?>
<robot generator="Robot 7.2 (Python 3.13.3 on win32)" generated="2025-05-13T10:45:29.338530" rpa="false" schemaversion="5">
<suite id="s1" name="Robot Avancado" source="C:\automation\robot_avancado">
<suite id="s1-s1" name="Tests" source="C:\automation\robot_avancado\tests">
<suite id="s1-s1-s1" name="myLibrary" source="C:\automation\robot_avancado\tests\myLibrary.robot">
<test id="s1-s1-s1-t1" name="Teste de conversão de arquivo para HASH sha256" line="10">
<kw name="Monta path do arquivo" owner="library_database">
<kw name="Join Path" owner="OperatingSystem">
<msg time="2025-05-13T10:45:29.440987" level="INFO">${caminho_correto} = C:\automation\robot_avancado\my_files\arquivo_PDF.pdf</msg>
<var>${caminho_correto}</var>
<arg>C:\\automation\\robot_avancado\\keywords\\database_Library</arg>
<arg>../..</arg>
<arg>my_files</arg>
<arg>${ARQUIVO}</arg>
<doc>Joins the given path part(s) to the given base path.</doc>
<status status="PASS" start="2025-05-13T10:45:29.440268" elapsed="0.000902"/>
</kw>
<kw name="Normalize Path" owner="OperatingSystem">
<msg time="2025-05-13T10:45:29.442350" level="INFO">${caminho_correto} = C:\automation\robot_avancado\my_files\arquivo_PDF.pdf</msg>
<var>${caminho_correto}</var>
<arg>${caminho_correto}</arg>
<doc>Normalizes the given path.</doc>
<status status="PASS" start="2025-05-13T10:45:29.441440" elapsed="0.001079"/>
</kw>
<kw name="Log" owner="BuiltIn">
<msg time="2025-05-13T10:45:29.443380" level="INFO">Caminho final: C:\automation\robot_avancado\my_files\arquivo_PDF.pdf</msg>
<arg>Caminho final: ${caminho_correto}</arg>
<doc>Logs the given message with the given level.</doc>
<status status="PASS" start="2025-05-13T10:45:29.442829" elapsed="0.000845"/>
</kw>
<kw name="File Should Exist" owner="OperatingSystem">
<msg time="2025-05-13T10:45:29.446193" level="INFO" html="true">File '&lt;a href="file://C:\automation\robot_avancado\my_files\arquivo_PDF.pdf"&gt;C:\automation\robot_avancado\my_files\arquivo_PDF.pdf&lt;/a&gt;' exists.</msg>
<arg>${caminho_correto}</arg>
<doc>Fails unless the given ``path`` points to an existing file.</doc>
<status status="PASS" start="2025-05-13T10:45:29.444035" elapsed="0.002538"/>
</kw>
<return>
<value>${caminho_correto}</value>
<status status="PASS" start="2025-05-13T10:45:29.446851" elapsed="0.000495"/>
</return>
<msg time="2025-05-13T10:45:29.447660" level="INFO">${file} = C:\automation\robot_avancado\my_files\arquivo_PDF.pdf</msg>
<var>${file}</var>
<arg>arquivo_PDF.pdf</arg>
<status status="PASS" start="2025-05-13T10:45:29.438926" elapsed="0.008975"/>
</kw>
<kw name="Converter o arquivo &quot;${file}&quot; para sha256" source_name="Converter o arquivo &quot;${FILE}&quot; para sha256">
<kw name="Gerar Hash Arquivo" owner="geradorHash">
<msg time="2025-05-13T10:45:29.450238" level="INFO">Arquivo: C:\automation\robot_avancado\my_files\arquivo_PDF.pdf
Hash gerado: d9021489da6cd18be2f0954475524f1c2d37628e127a1e23ee9941e133dcbc7f</msg>
<msg time="2025-05-13T10:45:29.450630" level="INFO">${CONTEUDO_HASH} = d9021489da6cd18be2f0954475524f1c2d37628e127a1e23ee9941e133dcbc7f</msg>
<var>${CONTEUDO_HASH}</var>
<arg>${FILE}</arg>
<status status="PASS" start="2025-05-13T10:45:29.449350" elapsed="0.001399"/>
</kw>
<kw name="Log" owner="BuiltIn">
<msg time="2025-05-13T10:45:29.451726" level="INFO">Converteu com arquivo: d9021489da6cd18be2f0954475524f1c2d37628e127a1e23ee9941e133dcbc7f</msg>
<arg>Converteu com arquivo: ${CONTEUDO_HASH}</arg>
<doc>Logs the given message with the given level.</doc>
<status status="PASS" start="2025-05-13T10:45:29.450977" elapsed="0.001210"/>
</kw>
<status status="PASS" start="2025-05-13T10:45:29.448640" elapsed="0.003863"/>
</kw>
<status status="PASS" start="2025-05-13T10:45:29.437155" elapsed="0.016201"/>
</test>
<status status="PASS" start="2025-05-13T10:45:29.379791" elapsed="0.075815"/>
</suite>
<status status="PASS" start="2025-05-13T10:45:29.375452" elapsed="0.082697"/>
</suite>
<status status="PASS" start="2025-05-13T10:45:29.345428" elapsed="0.115008"/>
</suite>
<statistics>
<total>
<stat pass="1" fail="0" skip="0">All Tests</stat>
</total>
<tag>
</tag>
<suite>
<stat name="Robot Avancado" id="s1" pass="1" fail="0" skip="0">Robot Avancado</stat>
<stat name="Tests" id="s1-s1" pass="1" fail="0" skip="0">Robot Avancado.Tests</stat>
<stat name="myLibrary" id="s1-s1-s1" pass="1" fail="0" skip="0">Robot Avancado.Tests.myLibrary</stat>
</suite>
</statistics>
<errors>
</errors>
</robot>
